Building DAG of jobs...
Using shell: /bin/bash
Provided cores: 1 (use --cores to define parallelism)
Rules claiming more threads will be scaled down.
Job stats:
job             count
------------  -------
assign_reads        1
total               1

Select jobs to execute...

[Wed Apr 22 12:12:34 2026]
rule assign_reads:
    input: results/panel_features.csv
    output: results/counts/exp93_isoform_count.csv
    log: logs/exp93_assign_reads.log
    jobid: 0
    reason: Missing output files: results/counts/exp93_isoform_count.csv
    wildcards: sample=exp93
    resources: tmpdir=/var/folders/zw/020w84513xl1z5hysj_t5k000000gn/T

[Wed Apr 22 12:19:33 2026]
Finished job 0.
1 of 1 steps (100%) done
Complete log: .snakemake/log/2026-04-22T121232.630791.snakemake.log
