Building DAG of jobs...
Using shell: /bin/bash
Provided cores: 1 (use --cores to define parallelism)
Rules claiming more threads will be scaled down.
Job stats:
job            count
-----------  -------
all                1
build_panel        1
total              2

Select jobs to execute...

[Tue Apr 21 13:49:25 2026]
rule build_panel:
    input: data/Homo_sapiens.GRCh38.115.gtf, data/gene_list.txt
    output: results/panel_features.csv
    log: logs/build_panel.log
    jobid: 0
    reason: Forced execution
    resources: tmpdir=/var/folders/zw/020w84513xl1z5hysj_t5k000000gn/T

[Tue Apr 21 13:49:25 2026]
Error in rule build_panel:
    jobid: 0
    input: data/Homo_sapiens.GRCh38.115.gtf, data/gene_list.txt
    output: results/panel_features.csv
    log: logs/build_panel.log (check log file(s) for error details)
    shell:
        
        python IsoDecipher/scripts/build_panel_features.py             --gtf data/Homo_sapiens.GRCh38.115.gtf             --genes data/gene_list.txt             --out results/panel_features.csv             2> logs/build_panel.log
        
        (one of the commands exited with non-zero exit code; note that snakemake uses bash strict mode!)

Shutting down, this might take some time.
Exiting because a job execution failed. Look above for error message
Complete log: .snakemake/log/2026-04-21T134924.698598.snakemake.log
