Building DAG of jobs...
Using shell: /bin/bash
Provided cores: 1 (use --cores to define parallelism)
Rules claiming more threads will be scaled down.
Job stats:
job            count
-----------  -------
all                1
build_panel        1
total              2

Select jobs to execute...

[Wed Apr 22 10:55:03 2026]
rule build_panel:
    input: data/Homo_sapiens.GRCh38.115.gtf, data/gene_list.txt
    output: results/panel_features.csv
    log: logs/build_panel.log
    jobid: 0
    reason: Forced execution
    resources: tmpdir=/var/folders/zw/020w84513xl1z5hysj_t5k000000gn/T

[Wed Apr 22 10:55:12 2026]
Finished job 0.
1 of 2 steps (50%) done
Select jobs to execute...

[Wed Apr 22 10:55:12 2026]
localrule all:
    input: results/panel_features.csv
    jobid: 1
    reason: Input files updated by another job: results/panel_features.csv
    resources: tmpdir=/var/folders/zw/020w84513xl1z5hysj_t5k000000gn/T

[Wed Apr 22 10:55:12 2026]
Finished job 1.
2 of 2 steps (100%) done
Complete log: .snakemake/log/2026-04-22T105502.585697.snakemake.log
